[15:07:50] [ServerMain/INFO]: Building unoptimized datafixer
[15:07:51] [ServerMain/INFO]: Environment: authHost='https://authserver.mojang.com', accountsHost='https://api.mojang.com', sessionHost='https://sessionserver.mojang.com', servicesHost='https://api.minecraftservices.com', name='PROD'
[15:07:52] [ServerMain/INFO]: Loaded 7 recipes
[15:07:52] [ServerMain/INFO]: Loaded 1179 advancements
[15:07:53] [Server thread/INFO]: Starting minecraft server version 1.19
[15:07:53] [Server thread/INFO]: Loading properties
[15:07:53] [Server thread/INFO]: Default game type: SURVIVAL
[15:07:53] [Server thread/INFO]: Generating keypair
[15:07:53] [Server thread/INFO]: Starting Minecraft server on *:25565
[15:07:53] [Server thread/INFO]: Using epoll channel type
[15:07:53] [Server thread/WARN]: **** SERVER IS RUNNING IN OFFLINE/INSECURE MODE!
[15:07:53] [Server thread/WARN]: The server will make no attempt to authenticate usernames. Beware.
[15:07:53] [Server thread/WARN]: While this makes the game possible to play without internet access, it also opens up the ability for hackers to connect with any username they choose.
[15:07:53] [Server thread/WARN]: To change this, set "online-mode" to "true" in the server.properties file.
[15:07:53] [Server thread/INFO]: Preparing level "world"
[15:07:54] [Server thread/INFO]: Preparing start region for dimension minecraft:overworld
[15:07:59] [Worker-Main-1/INFO]: Preparing spawn area: 0%
[15:07:59] [Worker-Main-1/INFO]: Preparing spawn area: 0%
[15:07:59] [Worker-Main-2/INFO]: Preparing spawn area: 0%
[15:07:59] [Worker-Main-2/INFO]: Preparing spawn area: 0%
[15:07:59] [Worker-Main-2/INFO]: Preparing spawn area: 0%
[15:07:59] [Worker-Main-2/INFO]: Preparing spawn area: 0%
[15:07:59] [Worker-Main-2/INFO]: Preparing spawn area: 0%
[15:07:59] [Worker-Main-2/INFO]: Preparing spawn area: 0%
[15:07:59] [Worker-Main-2/INFO]: Preparing spawn area: 0%
[15:07:59] [Worker-Main-2/INFO]: Preparing spawn area: 0%
[15:07:59] [Worker-Main-2/INFO]: Preparing spawn area: 0%
[15:07:59] [Worker-Main-2/INFO]: Preparing spawn area: 0%
[15:08:00] [Worker-Main-1/INFO]: Preparing spawn area: 0%
[15:08:00] [Worker-Main-2/INFO]: Preparing spawn area: 28%
[15:08:01] [Worker-Main-2/INFO]: Preparing spawn area: 76%
[15:08:01] [Server thread/INFO]: Time elapsed: 7312 ms
[15:08:01] [Server thread/INFO]: Done (7.572s)! For help, type "help"
[15:13:52] [Server thread/INFO]: MACHuuu012[/192.168.193.36:54829] logged in with entity id 54 at (775.3000000119209, 82.0, -372.69999998807907)
[15:13:52] [Server thread/INFO]: MACHuuu012 joined the game
[15:13:54] [Server thread/WARN]: Can't keep up! Is the server overloaded? Running 2084ms or 41 ticks behind
[15:14:58] [Server thread/INFO]: MACHuuu012 lost connection: Disconnected
[15:14:58] [Server thread/INFO]: MACHuuu012 left the game
[15:15:10] [Server thread/INFO]: MACHuuu012[/192.168.193.36:54866] logged in with entity id 385 at (775.3000000119209, 82.0, -372.69999998807907)
[15:15:10] [Server thread/INFO]: MACHuuu012 joined the game
[15:15:23] [Server thread/INFO]: MACHuuu012 lost connection: Disconnected
[15:15:23] [Server thread/INFO]: MACHuuu012 left the game
[15:15:37] [Server thread/INFO]: MACHuuu012[/192.168.193.36:54913] logged in with entity id 637 at (775.3000000119209, 82.0, -372.69999998807907)
[15:15:37] [Server thread/INFO]: MACHuuu012 joined the game
[15:16:29] [Server thread/INFO]: MACHuuu012 lost connection: Timed out
[15:16:29] [Server thread/INFO]: MACHuuu012 left the game
[15:16:37] [Server thread/INFO]: MACHuuu012[/192.168.193.36:54945] logged in with entity id 944 at (775.3000000119209, 82.0, -372.69999998807907)
[15:16:37] [Server thread/INFO]: MACHuuu012 joined the game
[15:17:11] [Server thread/INFO]: MACHuuu012 lost connection: Timed out
[15:17:11] [Server thread/INFO]: MACHuuu012 left the game
